<?xml version="1.0" encoding="UTF-8"?>
<!-- Generated by org.testng.reporters.JUnitXMLReporter -->
<testsuite hostname="apples-MacBook-Pro.local" ignored="0" name="LoginToHome" tests="4" failures="0" timestamp="15 Apr 2020 05:54:07 GMT" time="32.594" errors="0">
  <testcase name="verifyLoginTest" time="3.54" classname="com.crm.qa.testCases.LoginPageTest"/>
  <testcase name="verifyUserNameLable" time="1.14" classname="com.crm.qa.testCases.HomePageTest"/>
  <testcase name="verifyClickContactsLink" time="1.285" classname="com.crm.qa.testCases.HomePageTest"/>
  <testcase name="verifyContacts" time="1.344" classname="com.crm.qa.testCases.HomePageTest"/>
</testsuite> <!-- LoginToHome -->
