<?xml version="1.0" encoding="UTF-8"?>
<!-- Generated by org.testng.reporters.JUnitXMLReporter -->
<testsuite hostname="apples-MacBook-Pro.local" ignored="0" name="Default test" tests="3" failures="0" timestamp="11 Apr 2020 19:29:13 GMT" time="35.044" errors="0">
  <testcase name="verifyUserNameLable" time="1.312" classname="com.crm.qa.testCases.HomePageTest"/>
  <testcase name="verifyClickContactsLink" time="1.121" classname="com.crm.qa.testCases.HomePageTest"/>
  <testcase name="verifyContacts" time="2.017" classname="com.crm.qa.testCases.HomePageTest"/>
</testsuite> <!-- Default test -->
