<?xml version="1.0" encoding="UTF-8"?>
<!-- Generated by org.testng.reporters.JUnitXMLReporter -->
<testsuite hostname="apples-MacBook-Pro.local" ignored="0" name="Default test" tests="3" failures="0" timestamp="15 Apr 2020 05:46:19 GMT" time="23.571" errors="0">
  <testcase name="verifyUserNameLable" time="1.58" classname="com.crm.qa.testCases.HomePageTest"/>
  <testcase name="verifyClickContactsLink" time="1.928" classname="com.crm.qa.testCases.HomePageTest"/>
  <testcase name="verifyContacts" time="1.39" classname="com.crm.qa.testCases.HomePageTest"/>
</testsuite> <!-- Default test -->
