<?xml version="1.0" encoding="UTF-8"?>
<testng-results skipped="0" failed="0" ignored="0" total="1" passed="1">
  <reporter-output>
  </reporter-output>
  <suite name="com.crm.qa.testCases.LoginTest" duration-ms="28087" started-at="2020-04-08T07:15:27Z" finished-at="2020-04-08T07:15:55Z">
    <groups>
    </groups>
    <test name="Command line test" duration-ms="28087" started-at="2020-04-08T07:15:27Z" finished-at="2020-04-08T07:15:55Z">
      <class name="com.crm.qa.testCases.LoginTest">
        <test-method status="PASS" signature="setUp()[pri:0, instance:com.crm.qa.testCases.LoginTest@3cda1055]" name="setUp" is-config="true" duration-ms="8872" started-at="2020-04-08T07:15:27Z" finished-at="2020-04-08T07:15:36Z">
          <reporter-output>
          </reporter-output>
        </test-method> <!-- setUp -->
        <test-method status="PASS" signature="login()[pri:0, instance:com.crm.qa.testCases.LoginTest@3cda1055]" name="login" duration-ms="19050" started-at="2020-04-08T07:15:36Z" finished-at="2020-04-08T07:15:55Z">
          <reporter-output>
          </reporter-output>
        </test-method> <!-- login -->
        <test-method status="PASS" signature="close()[pri:0, instance:com.crm.qa.testCases.LoginTest@3cda1055]" name="close" is-config="true" duration-ms="102" started-at="2020-04-08T07:15:55Z" finished-at="2020-04-08T07:15:55Z">
          <reporter-output>
          </reporter-output>
        </test-method> <!-- close -->
      </class> <!-- com.crm.qa.testCases.LoginTest -->
    </test> <!-- Command line test -->
  </suite> <!-- com.crm.qa.testCases.LoginTest -->
</testng-results>
