<?xml version="1.0" encoding="UTF-8"?>
<testng-results skipped="0" failed="0" ignored="0" total="3" passed="3">
  <reporter-output>
  </reporter-output>
  <suite name="Default suite" duration-ms="35044" started-at="2020-04-11T19:28:37Z" finished-at="2020-04-11T19:29:12Z">
    <groups>
    </groups>
    <test name="Default test" duration-ms="35044" started-at="2020-04-11T19:28:37Z" finished-at="2020-04-11T19:29:12Z">
      <class name="com.crm.qa.testCases.HomePageTest">
        <test-method status="PASS" signature="setUp()[pri:0, instance:com.crm.qa.testCases.HomePageTest@5e3a8624]" name="setUp" is-config="true" duration-ms="12977" started-at="2020-04-11T19:28:37Z" finished-at="2020-04-11T19:28:50Z">
          <reporter-output>
          </reporter-output>
        </test-method> <!-- setUp -->
        <test-method status="PASS" signature="verifyUserNameLable()[pri:0, instance:com.crm.qa.testCases.HomePageTest@5e3a8624]" name="verifyUserNameLable" duration-ms="1312" started-at="2020-04-11T19:28:50Z" finished-at="2020-04-11T19:28:52Z">
          <reporter-output>
          </reporter-output>
        </test-method> <!-- verifyUserNameLable -->
        <test-method status="PASS" signature="close()[pri:0, instance:com.crm.qa.testCases.HomePageTest@5e3a8624]" name="close" is-config="true" duration-ms="108" started-at="2020-04-11T19:28:52Z" finished-at="2020-04-11T19:28:52Z">
          <reporter-output>
          </reporter-output>
        </test-method> <!-- close -->
        <test-method status="PASS" signature="setUp()[pri:0, instance:com.crm.qa.testCases.HomePageTest@5e3a8624]" name="setUp" is-config="true" duration-ms="8197" started-at="2020-04-11T19:28:52Z" finished-at="2020-04-11T19:29:00Z">
          <reporter-output>
          </reporter-output>
        </test-method> <!-- setUp -->
        <test-method status="PASS" signature="verifyClickContactsLink()[pri:2, instance:com.crm.qa.testCases.HomePageTest@5e3a8624]" name="verifyClickContactsLink" duration-ms="1121" started-at="2020-04-11T19:29:00Z" finished-at="2020-04-11T19:29:01Z">
          <reporter-output>
          </reporter-output>
        </test-method> <!-- verifyClickContactsLink -->
        <test-method status="PASS" signature="close()[pri:0, instance:com.crm.qa.testCases.HomePageTest@5e3a8624]" name="close" is-config="true" duration-ms="106" started-at="2020-04-11T19:29:01Z" finished-at="2020-04-11T19:29:01Z">
          <reporter-output>
          </reporter-output>
        </test-method> <!-- close -->
        <test-method status="PASS" signature="setUp()[pri:0, instance:com.crm.qa.testCases.HomePageTest@5e3a8624]" name="setUp" is-config="true" duration-ms="9063" started-at="2020-04-11T19:29:01Z" finished-at="2020-04-11T19:29:10Z">
          <reporter-output>
          </reporter-output>
        </test-method> <!-- setUp -->
        <test-method status="PASS" signature="verifyContacts()[pri:3, instance:com.crm.qa.testCases.HomePageTest@5e3a8624]" name="verifyContacts" duration-ms="2017" started-at="2020-04-11T19:29:10Z" finished-at="2020-04-11T19:29:12Z">
          <reporter-output>
          </reporter-output>
        </test-method> <!-- verifyContacts -->
        <test-method status="PASS" signature="close()[pri:0, instance:com.crm.qa.testCases.HomePageTest@5e3a8624]" name="close" is-config="true" duration-ms="106" started-at="2020-04-11T19:29:12Z" finished-at="2020-04-11T19:29:12Z">
          <reporter-output>
          </reporter-output>
        </test-method> <!-- close -->
      </class> <!-- com.crm.qa.testCases.HomePageTest -->
    </test> <!-- Default test -->
  </suite> <!-- Default suite -->
</testng-results>
